<?xml version="1.0" encoding="UTF-8"?>
<testsuite name="com.jojoldu.book.springboot.web.IndexControllerTest" tests="1" skipped="0" failures="0" errors="0" timestamp="2020-04-18T15:51:36" hostname="gnfishui-iMac.local" time="0.225">
  <properties/>
  <testcase name="메인페이지_로딩" classname="com.jojoldu.book.springboot.web.IndexControllerTest" time="0.225"/>
  <system-out><![CDATA[2020-04-19 00:51:30.828  INFO 4408 --- [    Test worker] .b.t.c.SpringBootTestContextBootstrapper : Neither @ContextConfiguration nor @ContextHierarchy found for test class [com.jojoldu.book.springboot.web.IndexControllerTest], using SpringBootContextLoader
2020-04-19 00:51:30.828  INFO 4408 --- [    Test worker] o.s.t.c.support.AbstractContextLoader    : Could not detect default resource locations for test class [com.jojoldu.book.springboot.web.IndexControllerTest]: no resource found for suffixes {-context.xml, Context.groovy}.
2020-04-19 00:51:30.829  INFO 4408 --- [    Test worker] t.c.s.AnnotationConfigContextLoaderUtils : Could not detect default configuration classes for test class [com.jojoldu.book.springboot.web.IndexControllerTest]: IndexControllerTest does not declare any static, non-private, non-final, nested classes annotated with @Configuration.
2020-04-19 00:51:30.831  INFO 4408 --- [    Test worker] .b.t.c.SpringBootTestContextBootstrapper : Found @SpringBootConfiguration com.jojoldu.book.springboot.Application for test class com.jojoldu.book.springboot.web.IndexControllerTest
2020-04-19 00:51:30.834  INFO 4408 --- [    Test worker] .b.t.c.SpringBootTestContextBootstrapper : Loaded default TestExecutionListener class names from location [META-INF/spring.factories]: [org.springframework.security.test.context.support.WithSecurityContextTestExecutionListener, org.springframework.security.test.context.support.ReactorContextTestExecutionListener, org.springframework.boot.test.autoconfigure.restdocs.RestDocsTestExecutionListener, org.springframework.boot.test.autoconfigure.web.client.MockRestServiceServerResetTestExecutionListener, org.springframework.boot.test.autoconfigure.web.servlet.MockMvcPrintOnlyOnFailureTestExecutionListener, org.springframework.boot.test.autoconfigure.web.servlet.WebDriverTestExecutionListener, org.springframework.boot.test.mock.mockito.MockitoTestExecutionListener, org.springframework.boot.test.mock.mockito.ResetMocksTestExecutionListener, org.springframework.test.context.web.ServletTestExecutionListener, org.springframework.test.context.support.DirtiesContextBeforeModesTestExecutionListener, org.springframework.test.context.support.DependencyInjectionTestExecutionListener, org.springframework.test.context.support.DirtiesContextTestExecutionListener, org.springframework.test.context.transaction.TransactionalTestExecutionListener, org.springframework.test.context.jdbc.SqlScriptsTestExecutionListener]
2020-04-19 00:51:30.835  INFO 4408 --- [    Test worker] .b.t.c.SpringBootTestContextBootstrapper : Using TestExecutionListeners: [org.springframework.test.context.web.ServletTestExecutionListener@542907ff, org.springframework.test.context.support.DirtiesContextBeforeModesTestExecutionListener@1ff474ee, org.springframework.boot.test.mock.mockito.MockitoTestExecutionListener@4e5d039a, org.springframework.boot.test.autoconfigure.SpringBootDependencyInjectionTestExecutionListener@6d835eb2, org.springframework.test.context.support.DirtiesContextTestExecutionListener@7189ba02, org.springframework.test.context.transaction.TransactionalTestExecutionListener@4de6e3d9, org.springframework.test.context.jdbc.SqlScriptsTestExecutionListener@6b81782c, org.springframework.security.test.context.support.WithSecurityContextTestExecutionListener@1c80cd20, org.springframework.security.test.context.support.ReactorContextTestExecutionListener@20e53d18, org.springframework.boot.test.autoconfigure.restdocs.RestDocsTestExecutionListener@5a67eaf6, org.springframework.boot.test.autoconfigure.web.client.MockRestServiceServerResetTestExecutionListener@3a47b98e, org.springframework.boot.test.autoconfigure.web.servlet.MockMvcPrintOnlyOnFailureTestExecutionListener@20b49a2b, org.springframework.boot.test.autoconfigure.web.servlet.WebDriverTestExecutionListener@29b06ed8, org.springframework.boot.test.mock.mockito.ResetMocksTestExecutionListener@4ce50142]

  .   ____          _            __ _ _
 /\\ / ___'_ __ _ _(_)_ __  __ _ \ \ \ \
( ( )\___ | '_ | '_| | '_ \/ _` | \ \ \ \
 \\/  ___)| |_)| | | | | || (_| |  ) ) ) )
  '  |____| .__|_| |_|_| |_\__, | / / / /
 =========|_|==============|___/=/_/_/_/
 :: Spring Boot ::        (v2.1.7.RELEASE)

2020-04-19 00:51:30.869  INFO 4408 --- [    Test worker] c.j.b.s.web.IndexControllerTest          : Starting IndexControllerTest on gnfishui-iMac.local with PID 4408 (started by gnfish in /Users/gnfish/workspace_sts/freelec-springboot2-webservice)
2020-04-19 00:51:30.870  INFO 4408 --- [    Test worker] c.j.b.s.web.IndexControllerTest          : No active profile set, falling back to default profiles: default
2020-04-19 00:51:31.376  INFO 4408 --- [    Test worker] .s.d.r.c.RepositoryConfigurationDelegate : Bootstrapping Spring Data repositories in DEFAULT mode.
2020-04-19 00:51:31.460  INFO 4408 --- [    Test worker] .s.d.r.c.RepositoryConfigurationDelegate : Finished Spring Data repository scanning in 73ms. Found 2 repository interfaces.
2020-04-19 00:51:31.803  INFO 4408 --- [    Test worker] trationDelegate$BeanPostProcessorChecker : Bean 'org.springframework.transaction.annotation.ProxyTransactionManagementConfiguration' of type [org.springframework.transaction.annotation.ProxyTransactionManagementConfiguration$$EnhancerBySpringCGLIB$$4c3142b9] is not eligible for getting processed by all BeanPostProcessors (for example: not eligible for auto-proxying)
2020-04-19 00:51:32.171  INFO 4408 --- [    Test worker] o.s.b.w.embedded.tomcat.TomcatWebServer  : Tomcat initialized with port(s): 0 (http)
2020-04-19 00:51:32.205  INFO 4408 --- [    Test worker] o.apache.catalina.core.StandardService   : Starting service [Tomcat]
2020-04-19 00:51:32.206  INFO 4408 --- [    Test worker] org.apache.catalina.core.StandardEngine  : Starting Servlet engine: [Apache Tomcat/9.0.22]
2020-04-19 00:51:32.417  INFO 4408 --- [    Test worker] o.a.c.c.C.[Tomcat].[localhost].[/]       : Initializing Spring embedded WebApplicationContext
2020-04-19 00:51:32.417  INFO 4408 --- [    Test worker] o.s.web.context.ContextLoader            : Root WebApplicationContext: initialization completed in 1542 ms
2020-04-19 00:51:32.791  INFO 4408 --- [    Test worker] com.zaxxer.hikari.HikariDataSource       : HikariPool-1 - Starting...
2020-04-19 00:51:32.994  INFO 4408 --- [    Test worker] com.zaxxer.hikari.HikariDataSource       : HikariPool-1 - Start completed.
2020-04-19 00:51:33.111  INFO 4408 --- [    Test worker] o.hibernate.jpa.internal.util.LogHelper  : HHH000204: Processing PersistenceUnitInfo [
	name: default
	...]
2020-04-19 00:51:33.195  INFO 4408 --- [    Test worker] org.hibernate.Version                    : HHH000412: Hibernate Core {5.3.10.Final}
2020-04-19 00:51:33.198  INFO 4408 --- [    Test worker] org.hibernate.cfg.Environment            : HHH000206: hibernate.properties not found
2020-04-19 00:51:33.265  INFO 4408 --- [    Test worker] o.hibernate.annotations.common.Version   : HCANN000001: Hibernate Commons Annotations {5.0.4.Final}
2020-04-19 00:51:33.451  INFO 4408 --- [    Test worker] org.hibernate.dialect.Dialect            : HHH000400: Using dialect: org.hibernate.dialect.MySQL5InnoDBDialect
Hibernate: drop table if exists posts
Hibernate: drop table if exists user
Hibernate: create table posts (id bigint not null auto_increment, created_date datetime, modified_date datetime, author varchar(255), content TEXT not null, title varchar(500) not null, primary key (id)) engine=InnoDB
Hibernate: create table user (id bigint not null auto_increment, created_date datetime, modified_date datetime, email varchar(255) not null, name varchar(255) not null, picture varchar(255), role varchar(255) not null, primary key (id)) engine=InnoDB
2020-04-19 00:51:34.433  INFO 4408 --- [    Test worker] o.h.t.schema.internal.SchemaCreatorImpl  : HHH000476: Executing import script 'org.hibernate.tool.schema.internal.exec.ScriptSourceInputNonExistentImpl@3897a46b'
2020-04-19 00:51:34.436  INFO 4408 --- [    Test worker] j.LocalContainerEntityManagerFactoryBean : Initialized JPA EntityManagerFactory for persistence unit 'default'
2020-04-19 00:51:35.154  INFO 4408 --- [    Test worker] o.h.h.i.QueryTranslatorFactoryInitiator  : HHH000397: Using ASTQueryTranslatorFactory
2020-04-19 00:51:35.472  INFO 4408 --- [    Test worker] o.s.s.web.DefaultSecurityFilterChain     : Creating filter chain: any request, [org.springframework.security.web.context.request.async.WebAsyncManagerIntegrationFilter@7fbb9445, org.springframework.security.web.context.SecurityContextPersistenceFilter@6ba48e46, org.springframework.security.web.header.HeaderWriterFilter@767f2205, org.springframework.security.web.authentication.logout.LogoutFilter@3bd97031, org.springframework.security.oauth2.client.web.OAuth2AuthorizationRequestRedirectFilter@793a0192, org.springframework.security.oauth2.client.web.OAuth2LoginAuthenticationFilter@2b8000fe, org.springframework.security.web.authentication.ui.DefaultLoginPageGeneratingFilter@74c00651, org.springframework.security.web.authentication.ui.DefaultLogoutPageGeneratingFilter@22b99521, org.springframework.security.web.savedrequest.RequestCacheAwareFilter@3d445510, org.springframework.security.web.servletapi.SecurityContextHolderAwareRequestFilter@32a427b7, org.springframework.security.web.authentication.AnonymousAuthenticationFilter@995f678, org.springframework.security.web.session.SessionManagementFilter@1f4b3d37, org.springframework.security.web.access.ExceptionTranslationFilter@71b4e052, org.springframework.security.web.access.intercept.FilterSecurityInterceptor@580303db]
2020-04-19 00:51:35.685  INFO 4408 --- [    Test worker] o.s.s.concurrent.ThreadPoolTaskExecutor  : Initializing ExecutorService 'applicationTaskExecutor'
2020-04-19 00:51:35.703  WARN 4408 --- [    Test worker] aWebConfiguration$JpaWebMvcConfiguration : spring.jpa.open-in-view is enabled by default. Therefore, database queries may be performed during view rendering. Explicitly configure spring.jpa.open-in-view to disable this warning
2020-04-19 00:51:35.738  INFO 4408 --- [    Test worker] o.s.b.a.w.s.WelcomePageHandlerMapping    : Adding welcome page template: index
2020-04-19 00:51:36.154  INFO 4408 --- [    Test worker] s.a.ScheduledAnnotationBeanPostProcessor : No TaskScheduler/ScheduledExecutorService bean found for scheduled processing
2020-04-19 00:51:36.181  INFO 4408 --- [    Test worker] o.s.b.w.embedded.tomcat.TomcatWebServer  : Tomcat started on port(s): 55546 (http) with context path ''
2020-04-19 00:51:36.183  INFO 4408 --- [    Test worker] c.j.b.s.web.IndexControllerTest          : Started IndexControllerTest in 5.345 seconds (JVM running for 9.957)
2020-04-19 00:51:36.280  INFO 4408 --- [o-auto-1-exec-1] o.a.c.c.C.[Tomcat].[localhost].[/]       : Initializing Spring DispatcherServlet 'dispatcherServlet'
2020-04-19 00:51:36.280  INFO 4408 --- [o-auto-1-exec-1] o.s.web.servlet.DispatcherServlet        : Initializing Servlet 'dispatcherServlet'
2020-04-19 00:51:36.305  INFO 4408 --- [o-auto-1-exec-1] o.s.web.servlet.DispatcherServlet        : Completed initialization in 25 ms
Hibernate: select posts0_.id as id1_0_, posts0_.created_date as created_2_0_, posts0_.modified_date as modified3_0_, posts0_.author as author4_0_, posts0_.content as content5_0_, posts0_.title as title6_0_ from posts posts0_ order by posts0_.id DESC
]]></system-out>
  <system-err><![CDATA[]]></system-err>
</testsuite>
